<?xml version="1.0" encoding="UTF-8"?>
<!-- Generated by org.testng.reporters.JUnitXMLReporter -->
<testsuite ignored="13" hostname="LAPTOP-BT2157RM" failures="0" tests="1" name="Test" time="0.119" errors="0" timestamp="2022-08-14T18:59:11 IST">
  <testcase classname="Test_NG.group_demo_test" name="f_test6" time="0.023"/>
  <testcase classname="Test_NG.apptest2" name="V" time="0.0">
    <ignored/>
  </testcase> <!-- V -->
  <testcase classname="Test_NG.apptest2" name="S" time="0.0">
    <ignored/>
  </testcase> <!-- S -->
  <testcase classname="Test_NG.group_demo_test" name="e_test5" time="0.0">
    <ignored/>
  </testcase> <!-- e_test5 -->
  <testcase classname="Test_NG.apptest1" name="Z" time="0.0">
    <ignored/>
  </testcase> <!-- Z -->
  <testcase classname="Test_NG.apptest2" name="Z" time="0.0">
    <ignored/>
  </testcase> <!-- Z -->
  <testcase classname="Test_NG.apptest1" name="X" time="0.0">
    <ignored/>
  </testcase> <!-- X -->
  <testcase classname="Test_NG.apptest2" name="Y" time="0.0">
    <ignored/>
  </testcase> <!-- Y -->
  <testcase classname="Test_NG.apptest1" name="Y" time="0.0">
    <ignored/>
  </testcase> <!-- Y -->
  <testcase classname="Test_NG.apptest2" name="X" time="0.0">
    <ignored/>
  </testcase> <!-- X -->
  <testcase classname="Test_NG.group_demo_test" name="a_test1" time="0.0">
    <ignored/>
  </testcase> <!-- a_test1 -->
  <testcase classname="Test_NG.group_demo_test" name="c_test3" time="0.0">
    <ignored/>
  </testcase> <!-- c_test3 -->
  <testcase classname="Test_NG.group_demo_test" name="b_test2" time="0.0">
    <ignored/>
  </testcase> <!-- b_test2 -->
  <testcase classname="Test_NG.group_demo_test" name="d_test4" time="0.0">
    <ignored/>
  </testcase> <!-- d_test4 -->
</testsuite> <!-- Test -->
