<?xml version="1.0" encoding="UTF-8"?>
<testng-results ignored="0" total="1" passed="1" failed="0" skipped="0">
  <reporter-output>
  </reporter-output>
  <suite started-at="2022-08-17T21:19:18 IST" name="Default suite" finished-at="2022-08-17T21:19:43 IST" duration-ms="25402">
    <groups>
    </groups>
    <test started-at="2022-08-17T21:19:18 IST" name="Default test" finished-at="2022-08-17T21:19:43 IST" duration-ms="25402">
      <class name="Test_NG.demotest_5">
        <test-method signature="test_2()[pri:0, instance:Test_NG.demotest_5@1dde4cb2]" started-at="2022-08-17T21:19:18 IST" name="test_2" finished-at="2022-08-17T21:19:43 IST" duration-ms="25330" status="PASS">
          <reporter-output>
          </reporter-output>
        </test-method> <!-- test_2 -->
      </class> <!-- Test_NG.demotest_5 -->
    </test> <!-- Default test -->
  </suite> <!-- Default suite -->
</testng-results>
